Determining if files xintc.h exist failed with the following output:
Change Dir: D:/Vebko/Relay/Relay_V3.0/Rev.02/Main_Card_Zynq7020/Main/Main_Card_ZYNQ7020/Main_Card_ZYNQ7020.sdk/ucos_openamp_bsp/ps7_cortexa9_0/libsrc/ucos_libmetal_v1_45/build_libmetal/CMakeFiles/CMakeTmp

Run Build Command:"D:/Xilinx/SDK/2019.1/gnuwin/bin/make.exe" "cmTC_0617e/fast"
D:/Xilinx/SDK/2019.1/gnuwin/bin/make.exe -f CMakeFiles/cmTC_0617e.dir/build.make CMakeFiles/cmTC_0617e.dir/build
make.exe[1]: Entering directory 'D:/Vebko/Relay/Relay_V3.0/Rev.02/Main_Card_Zynq7020/Main/Main_Card_ZYNQ7020/Main_Card_ZYNQ7020.sdk/ucos_openamp_bsp/ps7_cortexa9_0/libsrc/ucos_libmetal_v1_45/build_libmetal/CMakeFiles/CMakeTmp'
Building C object CMakeFiles/cmTC_0617e.dir/CheckIncludeFiles.c.obj
D:/Xilinx/SDK/2019.1/gnu/aarch32/nt/gcc-arm-none-eabi/bin/arm-none-eabi-gcc.exe   -O2 -c -mcpu=cortex-a9 -mfpu=vfpv3 -mfloat-abi=hard -nostartfiles -g -Wall -Wextra -DUNDEFINE_FILE_OPS -ID:/Vebko/Relay/Relay_V3.0/Rev.02/Main_Card_Zynq7020/Main/Main_Card_ZYNQ7020/Main_Card_ZYNQ7020.sdk/ucos_openamp_bsp/ps7_cortexa9_0/include    -o CMakeFiles/cmTC_0617e.dir/CheckIncludeFiles.c.obj   -c D:/Vebko/Relay/Relay_V3.0/Rev.02/Main_Card_Zynq7020/Main/Main_Card_ZYNQ7020/Main_Card_ZYNQ7020.sdk/ucos_openamp_bsp/ps7_cortexa9_0/libsrc/ucos_libmetal_v1_45/build_libmetal/CMakeFiles/CMakeTmp/CheckIncludeFiles.c
D:/Vebko/Relay/Relay_V3.0/Rev.02/Main_Card_Zynq7020/Main/Main_Card_ZYNQ7020/Main_Card_ZYNQ7020.sdk/ucos_openamp_bsp/ps7_cortexa9_0/libsrc/ucos_libmetal_v1_45/build_libmetal/CMakeFiles/CMakeTmp/CheckIncludeFiles.c:2:10: fatal error: xintc.h: No such file or directory
 #include <xintc.h>
          ^~~~~~~~~
compilation terminated.
make.exe[1]: *** [CMakeFiles/cmTC_0617e.dir/build.make:66: CMakeFiles/cmTC_0617e.dir/CheckIncludeFiles.c.obj] Error 1
make.exe[1]: Leaving directory 'D:/Vebko/Relay/Relay_V3.0/Rev.02/Main_Card_Zynq7020/Main/Main_Card_ZYNQ7020/Main_Card_ZYNQ7020.sdk/ucos_openamp_bsp/ps7_cortexa9_0/libsrc/ucos_libmetal_v1_45/build_libmetal/CMakeFiles/CMakeTmp'
make.exe: *** [Makefile:126: cmTC_0617e/fast] Error 2

Source:
/* */
#include <xintc.h>


int main(void){return 0;}

